[2021-12-10 21:35:06,176: INFO: 01_base_model_creation]: 
********************
[2021-12-10 21:35:06,176: INFO: 01_base_model_creation]: >>>>> stage STAGE_NAME started <<<<<
[2021-12-10 21:35:06,182: INFO: common]: yaml file: configs/config.yaml loaded successfully
[2021-12-10 21:35:06,183: ERROR: 01_base_model_creation]: [Errno 2] No such file or directory: 'params.yaml'
Traceback (most recent call last):
  File "src/01_base_model_creation.py", line 36, in <module>
    main(config_path=parsed_args.config, params_path=parsed_args.params)
  File "src/01_base_model_creation.py", line 23, in main
    params = read_yaml(params_path)
  File "c:\users\rinee\desktop\dlcvnlp\transfer_learning_dlcvnlp_demo\src\utils\common.py", line 8, in read_yaml
    with open(path_to_yaml) as yaml_file:
FileNotFoundError: [Errno 2] No such file or directory: 'params.yaml'
[2021-12-10 21:39:33,402: INFO: 01_base_model_creation]: 
********************
[2021-12-10 21:39:33,402: INFO: 01_base_model_creation]: >>>>> stage STAGE_NAME started <<<<<
[2021-12-10 21:39:33,403: INFO: common]: yaml file: configs/config.yaml loaded successfully
[2021-12-10 21:39:33,403: ERROR: 01_base_model_creation]: [Errno 2] No such file or directory: 'params.yaml'
Traceback (most recent call last):
  File "src/01_base_model_creation.py", line 36, in <module>
    main(config_path=parsed_args.config, params_path=parsed_args.params)
  File "src/01_base_model_creation.py", line 23, in main
    params = read_yaml(params_path)
  File "c:\users\rinee\desktop\dlcvnlp\transfer_learning_dlcvnlp_demo\src\utils\common.py", line 8, in read_yaml
    with open(path_to_yaml) as yaml_file:
FileNotFoundError: [Errno 2] No such file or directory: 'params.yaml'
[2021-12-10 21:40:39,441: INFO: 01_base_model_creation]: 
********************
[2021-12-10 21:40:39,441: INFO: 01_base_model_creation]: >>>>> stage creating base model started <<<<<
[2021-12-10 21:40:39,442: INFO: common]: yaml file: configs/config.yaml loaded successfully
[2021-12-10 21:40:47,088: INFO: 01_base_model_creation]: >>>>> stage creating base model completed!<<<<<

